INFO 2025-08-01 12:21:12,563 autoreload 13800 6064 Watching for file changes with StatReloader
INFO 2025-08-01 12:22:01,694 basehttp 13800 26308 "OPTIONS /api/auth/login/ HTTP/1.1" 200 0
ERROR 2025-08-01 12:22:04,723 log 13800 26308 Internal Server Error: /api/auth/login/
Traceback (most recent call last):
  File "C:\projects\Yeni klasör\miorai\MIORAI\.venv\Lib\site-packages\django_redis\cache.py", line 29, in _decorator
    return method(self, *args, **kwargs)
  File "C:\projects\Yeni klasör\miorai\MIORAI\.venv\Lib\site-packages\django_redis\cache.py", line 99, in _get
    return self.client.get(key, default=default, version=version, client=client)
           ~~~~~~~~~~~~~~~^^^^^^^^^^^^^^^^^^^^^^^^^^^^^^^^^^^^^^^^^^^^^^^^^^^^^^
  File "C:\projects\Yeni klasör\miorai\MIORAI\.venv\Lib\site-packages\django_redis\client\default.py", line 300, in get
    raise ConnectionInterrupted(connection=client) from e
django_redis.exceptions.ConnectionInterrupted: Redis ConnectionError: Error 10061 connecting to 127.0.0.1:6379. Hedef makine etkin olarak reddettiðinden baðlantý kurulamadý.

During handling of the above exception, another exception occurred:

Traceback (most recent call last):
  File "C:\projects\Yeni klasör\miorai\MIORAI\.venv\Lib\site-packages\django\core\handlers\exception.py", line 55, in inner
    response = get_response(request)
  File "C:\projects\Yeni klasör\miorai\MIORAI\.venv\Lib\site-packages\django\core\handlers\base.py", line 197, in _get_response
    response = wrapped_callback(request, *callback_args, **callback_kwargs)
  File "C:\projects\Yeni klasör\miorai\MIORAI\.venv\Lib\site-packages\sentry_sdk\integrations\django\views.py", line 94, in sentry_wrapped_callback
    return callback(request, *args, **kwargs)
  File "C:\projects\Yeni klasör\miorai\MIORAI\.venv\Lib\site-packages\django\views\decorators\csrf.py", line 65, in _view_wrapper
    return view_func(request, *args, **kwargs)
  File "C:\projects\Yeni klasör\miorai\MIORAI\.venv\Lib\site-packages\django\views\generic\base.py", line 105, in view
    return self.dispatch(request, *args, **kwargs)
           ~~~~~~~~~~~~~^^^^^^^^^^^^^^^^^^^^^^^^^^
  File "C:\projects\Yeni klasör\miorai\MIORAI\.venv\Lib\site-packages\rest_framework\views.py", line 515, in dispatch
    response = self.handle_exception(exc)
  File "C:\projects\Yeni klasör\miorai\MIORAI\.venv\Lib\site-packages\rest_framework\views.py", line 475, in handle_exception
    self.raise_uncaught_exception(exc)
    ~~~~~~~~~~~~~~~~~~~~~~~~~~~~~^^^^^
  File "C:\projects\Yeni klasör\miorai\MIORAI\.venv\Lib\site-packages\rest_framework\views.py", line 486, in raise_uncaught_exception
    raise exc
  File "C:\projects\Yeni klasör\miorai\MIORAI\.venv\Lib\site-packages\rest_framework\views.py", line 503, in dispatch
    self.initial(request, *args, **kwargs)
    ~~~~~~~~~~~~^^^^^^^^^^^^^^^^^^^^^^^^^^
  File "C:\projects\Yeni klasör\miorai\MIORAI\.venv\Lib\site-packages\sentry_sdk\integrations\django\__init__.py", line 332, in sentry_patched_drf_initial
    return old_drf_initial(self, request, *args, **kwargs)
  File "C:\projects\Yeni klasör\miorai\MIORAI\.venv\Lib\site-packages\rest_framework\views.py", line 422, in initial
    self.check_throttles(request)
    ~~~~~~~~~~~~~~~~~~~~^^^^^^^^^
  File "C:\projects\Yeni klasör\miorai\MIORAI\.venv\Lib\site-packages\rest_framework\views.py", line 365, in check_throttles
    if not throttle.allow_request(request, self):
           ~~~~~~~~~~~~~~~~~~~~~~^^^^^^^^^^^^^^^
  File "C:\projects\Yeni klasör\miorai\MIORAI\.venv\Lib\site-packages\rest_framework\throttling.py", line 123, in allow_request
    self.history = self.cache.get(self.key, [])
                   ~~~~~~~~~~~~~~^^^^^^^^^^^^^^
  File "C:\projects\Yeni klasör\miorai\MIORAI\.venv\Lib\site-packages\debug_toolbar\panels\cache.py", line 42, in wrapper
    return panel._record_call(cache, name, original_method, args, kwargs)
           ~~~~~~~~~~~~~~~~~~^^^^^^^^^^^^^^^^^^^^^^^^^^^^^^^^^^^^^^^^^^^^
  File "C:\projects\Yeni klasör\miorai\MIORAI\.venv\Lib\site-packages\debug_toolbar\panels\cache.py", line 151, in _record_call
    value = original_method(*args, **kwargs)
  File "C:\projects\Yeni klasör\miorai\MIORAI\.venv\Lib\site-packages\django_redis\cache.py", line 92, in get
    value = self._get(key, default, version, client)
  File "C:\projects\Yeni klasör\miorai\MIORAI\.venv\Lib\site-packages\django_redis\cache.py", line 36, in _decorator
    raise e.__cause__  # noqa: B904
    ^^^^^^^^^^^^^^^^^
  File "C:\projects\Yeni klasör\miorai\MIORAI\.venv\Lib\site-packages\django_redis\client\default.py", line 298, in get
    value = client.get(key)
  File "C:\projects\Yeni klasör\miorai\MIORAI\.venv\Lib\site-packages\redis\commands\core.py", line 1829, in get
    return self.execute_command("GET", name, keys=[name])
           ~~~~~~~~~~~~~~~~~~~~^^^^^^^^^^^^^^^^^^^^^^^^^^
  File "C:\projects\Yeni klasör\miorai\MIORAI\.venv\Lib\site-packages\sentry_sdk\integrations\redis\_sync_common.py", line 109, in sentry_patched_execute_command
    value = old_execute_command(self, name, *args, **kwargs)
  File "C:\projects\Yeni klasör\miorai\MIORAI\.venv\Lib\site-packages\redis\client.py", line 623, in execute_command
    return self._execute_command(*args, **options)
           ~~~~~~~~~~~~~~~~~~~~~^^^^^^^^^^^^^^^^^^
  File "C:\projects\Yeni klasör\miorai\MIORAI\.venv\Lib\site-packages\redis\client.py", line 629, in _execute_command
    conn = self.connection or pool.get_connection()
                              ~~~~~~~~~~~~~~~~~~~^^
  File "C:\projects\Yeni klasör\miorai\MIORAI\.venv\Lib\site-packages\redis\utils.py", line 191, in wrapper
    return func(*args, **kwargs)
  File "C:\projects\Yeni klasör\miorai\MIORAI\.venv\Lib\site-packages\redis\connection.py", line 1777, in get_connection
    connection.connect()
    ~~~~~~~~~~~~~~~~~~^^
  File "C:\projects\Yeni klasör\miorai\MIORAI\.venv\Lib\site-packages\redis\connection.py", line 379, in connect
    self.connect_check_health(check_health=True)
    ~~~~~~~~~~~~~~~~~~~~~~~~~^^^^^^^^^^^^^^^^^^^
  File "C:\projects\Yeni klasör\miorai\MIORAI\.venv\Lib\site-packages\redis\connection.py", line 391, in connect_check_health
    raise ConnectionError(self._error_message(e))
redis.exceptions.ConnectionError: Error 10061 connecting to 127.0.0.1:6379. Hedef makine etkin olarak reddettiðinden baðlantý kurulamadý.
ERROR 2025-08-01 12:22:04,978 log 13800 26308 Internal Server Error: /api/auth/login/
Traceback (most recent call last):
  File "C:\projects\Yeni klasör\miorai\MIORAI\.venv\Lib\site-packages\django\urls\base.py", line 81, in reverse
    extra, resolver = resolver.namespace_dict[ns]
                      ~~~~~~~~~~~~~~~~~~~~~~~^^^^
KeyError: 'djdt'

During handling of the above exception, another exception occurred:

Traceback (most recent call last):
  File "C:\projects\Yeni klasör\miorai\MIORAI\.venv\Lib\site-packages\django\core\handlers\exception.py", line 55, in inner
    response = get_response(request)
  File "C:\projects\Yeni klasör\miorai\MIORAI\.venv\Lib\site-packages\sentry_sdk\integrations\django\middleware.py", line 177, in __call__
    return f(*args, **kwargs)
  File "C:\projects\Yeni klasör\miorai\MIORAI\.venv\Lib\site-packages\debug_toolbar\middleware.py", line 145, in __call__
    return self._postprocess(request, response, toolbar)
           ~~~~~~~~~~~~~~~~~^^^^^^^^^^^^^^^^^^^^^^^^^^^^
  File "C:\projects\Yeni klasör\miorai\MIORAI\.venv\Lib\site-packages\debug_toolbar\middleware.py", line 187, in _postprocess
    rendered = toolbar.render_toolbar()
  File "C:\projects\Yeni klasör\miorai\MIORAI\.venv\Lib\site-packages\debug_toolbar\toolbar.py", line 93, in render_toolbar
    return render_to_string("debug_toolbar/base.html", context)
  File "C:\projects\Yeni klasör\miorai\MIORAI\.venv\Lib\site-packages\django\template\loader.py", line 62, in render_to_string
    return template.render(context, request)
           ~~~~~~~~~~~~~~~^^^^^^^^^^^^^^^^^^
  File "C:\projects\Yeni klasör\miorai\MIORAI\.venv\Lib\site-packages\django\template\backends\django.py", line 107, in render
    return self.template.render(context)
           ~~~~~~~~~~~~~~~~~~~~^^^^^^^^^
  File "C:\projects\Yeni klasör\miorai\MIORAI\.venv\Lib\site-packages\django\template\base.py", line 171, in render
    return self._render(context)
           ~~~~~~~~~~~~^^^^^^^^^
  File "C:\projects\Yeni klasör\miorai\MIORAI\.venv\Lib\site-packages\django\test\utils.py", line 114, in instrumented_test_render
    return self.nodelist.render(context)
           ~~~~~~~~~~~~~~~~~~~~^^^^^^^^^
  File "C:\projects\Yeni klasör\miorai\MIORAI\.venv\Lib\site-packages\django\template\base.py", line 1016, in render
    return SafeString("".join([node.render_annotated(context) for node in self]))
                               ~~~~~~~~~~~~~~~~~~~~~^^^^^^^^^
  File "C:\projects\Yeni klasör\miorai\MIORAI\.venv\Lib\site-packages\django\template\base.py", line 977, in render_annotated
    return self.render(context)
           ~~~~~~~~~~~^^^^^^^^^
  File "C:\projects\Yeni klasör\miorai\MIORAI\.venv\Lib\site-packages\django\template\defaulttags.py", line 327, in render
    return nodelist.render(context)
           ~~~~~~~~~~~~~~~^^^^^^^^^
  File "C:\projects\Yeni klasör\miorai\MIORAI\.venv\Lib\site-packages\django\template\base.py", line 1016, in render
    return SafeString("".join([node.render_annotated(context) for node in self]))
                               ~~~~~~~~~~~~~~~~~~~~~^^^^^^^^^
  File "C:\projects\Yeni klasör\miorai\MIORAI\.venv\Lib\site-packages\django\template\base.py", line 977, in render_annotated
    return self.render(context)
           ~~~~~~~~~~~^^^^^^^^^
  File "C:\projects\Yeni klasör\miorai\MIORAI\.venv\Lib\site-packages\django\template\defaulttags.py", line 480, in render
    url = reverse(view_name, args=args, kwargs=kwargs, current_app=current_app)
  File "C:\projects\Yeni klasör\miorai\MIORAI\.venv\Lib\site-packages\django\urls\base.py", line 92, in reverse
    raise NoReverseMatch("%s is not a registered namespace" % key)
django.urls.exceptions.NoReverseMatch: 'djdt' is not a registered namespace
ERROR 2025-08-01 12:22:04,987 basehttp 13800 26308 "POST /api/auth/login/ HTTP/1.1" 500 158851
INFO 2025-08-01 12:25:27,059 autoreload 13800 6064 C:\projects\Yeni klasör\miorai\MIORAI\miorai_backend\miorai_backend\urls.py changed, reloading.
INFO 2025-08-01 12:25:37,360 autoreload 26008 15344 Watching for file changes with StatReloader
INFO 2025-08-01 12:26:01,764 autoreload 26008 15344 C:\projects\Yeni klasör\miorai\MIORAI\miorai_backend\miorai_backend\settings.py changed, reloading.
INFO 2025-08-01 12:26:05,329 autoreload 28276 9844 Watching for file changes with StatReloader
INFO 2025-08-01 12:26:14,722 autoreload 28276 9844 C:\projects\Yeni klasör\miorai\MIORAI\miorai_backend\miorai_backend\settings.py changed, reloading.
INFO 2025-08-01 12:26:18,069 autoreload 14020 26748 Watching for file changes with StatReloader
INFO 2025-08-01 12:26:44,504 autoreload 24012 18000 Watching for file changes with StatReloader
INFO 2025-08-01 12:27:16,229 autoreload 8152 22952 Watching for file changes with StatReloader
INFO 2025-08-01 12:27:42,897 basehttp 14020 31600 "POST /api/auth/login/ HTTP/1.1" 200 290
INFO 2025-08-01 12:27:48,919 basehttp 14020 31600 "OPTIONS /api/tournaments/public/ HTTP/1.1" 200 0
INFO 2025-08-01 12:27:48,920 basehttp 14020 29364 "OPTIONS /api/ml/categories/ HTTP/1.1" 200 0
INFO 2025-08-01 12:27:48,924 basehttp 14020 31600 "OPTIONS /api/tournaments/public/ HTTP/1.1" 200 0
INFO 2025-08-01 12:27:48,932 basehttp 14020 29364 "OPTIONS /api/ml/categories/ HTTP/1.1" 200 0
INFO 2025-08-01 12:27:49,033 basehttp 14020 31600 "GET /api/ml/categories/ HTTP/1.1" 200 379
INFO 2025-08-01 12:27:49,083 basehttp 14020 31600 "GET /api/ml/categories/ HTTP/1.1" 200 379
ERROR 2025-08-01 12:27:49,452 log 14020 29364 Internal Server Error: /api/tournaments/public/
Traceback (most recent call last):
  File "C:\projects\Yeni klasör\miorai\MIORAI\.venv\Lib\site-packages\django\core\handlers\exception.py", line 55, in inner
    response = get_response(request)
  File "C:\projects\Yeni klasör\miorai\MIORAI\.venv\Lib\site-packages\django\core\handlers\base.py", line 197, in _get_response
    response = wrapped_callback(request, *callback_args, **callback_kwargs)
  File "C:\projects\Yeni klasör\miorai\MIORAI\.venv\Lib\site-packages\sentry_sdk\integrations\django\views.py", line 94, in sentry_wrapped_callback
    return callback(request, *args, **kwargs)
  File "C:\projects\Yeni klasör\miorai\MIORAI\.venv\Lib\site-packages\django\views\decorators\csrf.py", line 65, in _view_wrapper
    return view_func(request, *args, **kwargs)
  File "C:\projects\Yeni klasör\miorai\MIORAI\.venv\Lib\site-packages\django\views\generic\base.py", line 105, in view
    return self.dispatch(request, *args, **kwargs)
           ~~~~~~~~~~~~~^^^^^^^^^^^^^^^^^^^^^^^^^^
  File "C:\projects\Yeni klasör\miorai\MIORAI\.venv\Lib\site-packages\rest_framework\views.py", line 515, in dispatch
    response = self.handle_exception(exc)
  File "C:\projects\Yeni klasör\miorai\MIORAI\.venv\Lib\site-packages\rest_framework\views.py", line 475, in handle_exception
    self.raise_uncaught_exception(exc)
    ~~~~~~~~~~~~~~~~~~~~~~~~~~~~~^^^^^
  File "C:\projects\Yeni klasör\miorai\MIORAI\.venv\Lib\site-packages\rest_framework\views.py", line 486, in raise_uncaught_exception
    raise exc
  File "C:\projects\Yeni klasör\miorai\MIORAI\.venv\Lib\site-packages\rest_framework\views.py", line 512, in dispatch
    response = handler(request, *args, **kwargs)
  File "C:\projects\Yeni klasör\miorai\MIORAI\.venv\Lib\site-packages\rest_framework\generics.py", line 203, in get
    return self.list(request, *args, **kwargs)
           ~~~~~~~~~^^^^^^^^^^^^^^^^^^^^^^^^^^
  File "C:\projects\Yeni klasör\miorai\MIORAI\miorai_backend\core\monitoring.py", line 196, in wrapper
    logger.info(f"API Performance: {request.path} - Method: {request.method} - "
                                    ^^^^^^^^^^^^
AttributeError: 'PublicTournamentsListView' object has no attribute 'path'
ERROR 2025-08-01 12:27:49,548 basehttp 14020 29364 "GET /api/tournaments/public/ HTTP/1.1" 500 132982
ERROR 2025-08-01 12:27:49,619 log 14020 31600 Internal Server Error: /api/tournaments/public/
Traceback (most recent call last):
  File "C:\projects\Yeni klasör\miorai\MIORAI\.venv\Lib\site-packages\django\core\handlers\exception.py", line 55, in inner
    response = get_response(request)
  File "C:\projects\Yeni klasör\miorai\MIORAI\.venv\Lib\site-packages\django\core\handlers\base.py", line 197, in _get_response
    response = wrapped_callback(request, *callback_args, **callback_kwargs)
  File "C:\projects\Yeni klasör\miorai\MIORAI\.venv\Lib\site-packages\sentry_sdk\integrations\django\views.py", line 94, in sentry_wrapped_callback
    return callback(request, *args, **kwargs)
  File "C:\projects\Yeni klasör\miorai\MIORAI\.venv\Lib\site-packages\django\views\decorators\csrf.py", line 65, in _view_wrapper
    return view_func(request, *args, **kwargs)
  File "C:\projects\Yeni klasör\miorai\MIORAI\.venv\Lib\site-packages\django\views\generic\base.py", line 105, in view
    return self.dispatch(request, *args, **kwargs)
           ~~~~~~~~~~~~~^^^^^^^^^^^^^^^^^^^^^^^^^^
  File "C:\projects\Yeni klasör\miorai\MIORAI\.venv\Lib\site-packages\rest_framework\views.py", line 515, in dispatch
    response = self.handle_exception(exc)
  File "C:\projects\Yeni klasör\miorai\MIORAI\.venv\Lib\site-packages\rest_framework\views.py", line 475, in handle_exception
    self.raise_uncaught_exception(exc)
    ~~~~~~~~~~~~~~~~~~~~~~~~~~~~~^^^^^
  File "C:\projects\Yeni klasör\miorai\MIORAI\.venv\Lib\site-packages\rest_framework\views.py", line 486, in raise_uncaught_exception
    raise exc
  File "C:\projects\Yeni klasör\miorai\MIORAI\.venv\Lib\site-packages\rest_framework\views.py", line 512, in dispatch
    response = handler(request, *args, **kwargs)
  File "C:\projects\Yeni klasör\miorai\MIORAI\.venv\Lib\site-packages\rest_framework\generics.py", line 203, in get
    return self.list(request, *args, **kwargs)
           ~~~~~~~~~^^^^^^^^^^^^^^^^^^^^^^^^^^
  File "C:\projects\Yeni klasör\miorai\MIORAI\miorai_backend\core\monitoring.py", line 196, in wrapper
    logger.info(f"API Performance: {request.path} - Method: {request.method} - "
                                    ^^^^^^^^^^^^
AttributeError: 'PublicTournamentsListView' object has no attribute 'path'
ERROR 2025-08-01 12:27:49,673 basehttp 14020 31600 "GET /api/tournaments/public/ HTTP/1.1" 500 132942
ERROR 2025-08-01 12:28:06,035 log 14020 31600 Internal Server Error: /api/tournaments/public/
Traceback (most recent call last):
  File "C:\projects\Yeni klasör\miorai\MIORAI\.venv\Lib\site-packages\django\core\handlers\exception.py", line 55, in inner
    response = get_response(request)
  File "C:\projects\Yeni klasör\miorai\MIORAI\.venv\Lib\site-packages\django\core\handlers\base.py", line 197, in _get_response
    response = wrapped_callback(request, *callback_args, **callback_kwargs)
  File "C:\projects\Yeni klasör\miorai\MIORAI\.venv\Lib\site-packages\sentry_sdk\integrations\django\views.py", line 94, in sentry_wrapped_callback
    return callback(request, *args, **kwargs)
  File "C:\projects\Yeni klasör\miorai\MIORAI\.venv\Lib\site-packages\django\views\decorators\csrf.py", line 65, in _view_wrapper
    return view_func(request, *args, **kwargs)
  File "C:\projects\Yeni klasör\miorai\MIORAI\.venv\Lib\site-packages\django\views\generic\base.py", line 105, in view
    return self.dispatch(request, *args, **kwargs)
           ~~~~~~~~~~~~~^^^^^^^^^^^^^^^^^^^^^^^^^^
  File "C:\projects\Yeni klasör\miorai\MIORAI\.venv\Lib\site-packages\rest_framework\views.py", line 515, in dispatch
    response = self.handle_exception(exc)
  File "C:\projects\Yeni klasör\miorai\MIORAI\.venv\Lib\site-packages\rest_framework\views.py", line 475, in handle_exception
    self.raise_uncaught_exception(exc)
    ~~~~~~~~~~~~~~~~~~~~~~~~~~~~~^^^^^
  File "C:\projects\Yeni klasör\miorai\MIORAI\.venv\Lib\site-packages\rest_framework\views.py", line 486, in raise_uncaught_exception
    raise exc
  File "C:\projects\Yeni klasör\miorai\MIORAI\.venv\Lib\site-packages\rest_framework\views.py", line 512, in dispatch
    response = handler(request, *args, **kwargs)
  File "C:\projects\Yeni klasör\miorai\MIORAI\.venv\Lib\site-packages\rest_framework\generics.py", line 203, in get
    return self.list(request, *args, **kwargs)
           ~~~~~~~~~^^^^^^^^^^^^^^^^^^^^^^^^^^
  File "C:\projects\Yeni klasör\miorai\MIORAI\miorai_backend\core\monitoring.py", line 196, in wrapper
    logger.info(f"API Performance: {request.path} - Method: {request.method} - "
                                    ^^^^^^^^^^^^
AttributeError: 'PublicTournamentsListView' object has no attribute 'path'
INFO 2025-08-01 12:28:06,112 basehttp 14020 29364 "GET /api/ml/categories/ HTTP/1.1" 200 379
ERROR 2025-08-01 12:28:06,151 basehttp 14020 31600 "GET /api/tournaments/public/ HTTP/1.1" 500 132963
INFO 2025-08-01 12:28:06,218 basehttp 14020 29364 "GET /api/ml/categories/ HTTP/1.1" 200 379
ERROR 2025-08-01 12:28:06,260 log 14020 22004 Internal Server Error: /api/tournaments/public/
Traceback (most recent call last):
  File "C:\projects\Yeni klasör\miorai\MIORAI\.venv\Lib\site-packages\django\core\handlers\exception.py", line 55, in inner
    response = get_response(request)
  File "C:\projects\Yeni klasör\miorai\MIORAI\.venv\Lib\site-packages\django\core\handlers\base.py", line 197, in _get_response
    response = wrapped_callback(request, *callback_args, **callback_kwargs)
  File "C:\projects\Yeni klasör\miorai\MIORAI\.venv\Lib\site-packages\sentry_sdk\integrations\django\views.py", line 94, in sentry_wrapped_callback
    return callback(request, *args, **kwargs)
  File "C:\projects\Yeni klasör\miorai\MIORAI\.venv\Lib\site-packages\django\views\decorators\csrf.py", line 65, in _view_wrapper
    return view_func(request, *args, **kwargs)
  File "C:\projects\Yeni klasör\miorai\MIORAI\.venv\Lib\site-packages\django\views\generic\base.py", line 105, in view
    return self.dispatch(request, *args, **kwargs)
           ~~~~~~~~~~~~~^^^^^^^^^^^^^^^^^^^^^^^^^^
  File "C:\projects\Yeni klasör\miorai\MIORAI\.venv\Lib\site-packages\rest_framework\views.py", line 515, in dispatch
    response = self.handle_exception(exc)
  File "C:\projects\Yeni klasör\miorai\MIORAI\.venv\Lib\site-packages\rest_framework\views.py", line 475, in handle_exception
    self.raise_uncaught_exception(exc)
    ~~~~~~~~~~~~~~~~~~~~~~~~~~~~~^^^^^
  File "C:\projects\Yeni klasör\miorai\MIORAI\.venv\Lib\site-packages\rest_framework\views.py", line 486, in raise_uncaught_exception
    raise exc
  File "C:\projects\Yeni klasör\miorai\MIORAI\.venv\Lib\site-packages\rest_framework\views.py", line 512, in dispatch
    response = handler(request, *args, **kwargs)
  File "C:\projects\Yeni klasör\miorai\MIORAI\.venv\Lib\site-packages\rest_framework\generics.py", line 203, in get
    return self.list(request, *args, **kwargs)
           ~~~~~~~~~^^^^^^^^^^^^^^^^^^^^^^^^^^
  File "C:\projects\Yeni klasör\miorai\MIORAI\miorai_backend\core\monitoring.py", line 196, in wrapper
    logger.info(f"API Performance: {request.path} - Method: {request.method} - "
                                    ^^^^^^^^^^^^
AttributeError: 'PublicTournamentsListView' object has no attribute 'path'
ERROR 2025-08-01 12:28:06,314 basehttp 14020 22004 "GET /api/tournaments/public/ HTTP/1.1" 500 132961
INFO 2025-08-01 12:29:58,486 autoreload 9648 15096 Watching for file changes with StatReloader
WARNING 2025-08-01 12:30:14,276 log 9648 2060 Unauthorized: /api/tournaments/public/
WARNING 2025-08-01 12:30:14,284 basehttp 9648 2060 "GET /api/tournaments/public/ HTTP/1.1" 401 40
INFO 2025-08-01 12:30:44,614 basehttp 9648 17580 "OPTIONS /api/auth/user/ HTTP/1.1" 200 0
INFO 2025-08-01 12:30:44,626 basehttp 9648 26340 "OPTIONS /api/auth/user/ HTTP/1.1" 200 0
INFO 2025-08-01 12:30:45,546 basehttp 9648 17580 "GET /api/auth/user/ HTTP/1.1" 200 206
INFO 2025-08-01 12:30:45,613 basehttp 9648 17580 "GET /api/auth/user/ HTTP/1.1" 200 206
INFO 2025-08-01 12:30:52,078 basehttp 9648 26340 "GET /api/ml/categories/ HTTP/1.1" 200 379
INFO 2025-08-01 12:30:52,227 basehttp 9648 26340 "GET /api/ml/categories/ HTTP/1.1" 200 379
INFO 2025-08-01 12:30:52,244 basehttp 9648 17580 "GET /api/tournaments/public/ HTTP/1.1" 200 22925
INFO 2025-08-01 12:30:52,294 basehttp 9648 17580 "GET /api/tournaments/public/ HTTP/1.1" 200 22925
INFO 2025-08-01 12:30:52,773 basehttp 9648 13224 "GET /media/tournament_images/1.png HTTP/1.1" 304 0
INFO 2025-08-01 12:30:52,791 basehttp 9648 10364 "GET /media/tournament_images/yuksekogretim-kurulu-transkript-belgesi-sorgulama-5.png HTTP/1.1" 304 0
INFO 2025-08-01 12:30:52,816 basehttp 9648 6320 "GET /media/tournament_images/Ekran_g%C3%B6r%C3%BCnt%C3%BCs%C3%BC_2025-07-18_223345_1KjWYzf.png HTTP/1.1" 304 0
INFO 2025-08-01 12:30:52,825 basehttp 9648 1556 "GET /media/tournament_images/Ekran_g%C3%B6r%C3%BCnt%C3%BCs%C3%BC_2025-07-18_223345_GZ6CbcU.png HTTP/1.1" 304 0
INFO 2025-08-01 12:30:52,825 basehttp 9648 30748 "GET /media/tournament_images/undraw_data-reports_l2u3.png HTTP/1.1" 304 0
INFO 2025-08-01 12:30:52,836 basehttp 9648 30988 "GET /media/tournament_images/Ekran_g%C3%B6r%C3%BCnt%C3%BCs%C3%BC_2025-07-19_213026_HQUjUUx.png HTTP/1.1" 304 0
INFO 2025-08-01 12:30:52,853 basehttp 9648 13224 "GET /media/tournament_images/Ekran_g%C3%B6r%C3%BCnt%C3%BCs%C3%BC_2025-07-18_223345_wsNaqzE.png HTTP/1.1" 304 0
INFO 2025-08-01 12:30:58,919 basehttp 9648 17580 "OPTIONS /api/tournaments/detail/ HTTP/1.1" 200 0
INFO 2025-08-01 12:30:58,919 basehttp 9648 26340 "OPTIONS /api/tournaments/detail/ HTTP/1.1" 200 0
INFO 2025-08-01 12:30:59,043 basehttp 9648 26340 "GET /api/tournaments/detail/ HTTP/1.1" 200 19825
INFO 2025-08-01 12:30:59,053 basehttp 9648 26340 "OPTIONS /api/tournaments/current-match/ HTTP/1.1" 200 0
INFO 2025-08-01 12:30:59,084 basehttp 9648 17696 "OPTIONS /api/ml/predict-matches/ HTTP/1.1" 200 0
INFO 2025-08-01 12:30:59,137 basehttp 9648 17580 "GET /api/tournaments/detail/ HTTP/1.1" 200 19825
INFO 2025-08-01 12:30:59,171 basehttp 9648 26340 "GET /api/tournaments/current-match/ HTTP/1.1" 200 653
INFO 2025-08-01 12:30:59,234 basehttp 9648 17696 "POST /api/ml/predict-matches/ HTTP/1.1" 200 291
INFO 2025-08-01 12:30:59,251 basehttp 9648 17580 "POST /api/ml/predict-matches/ HTTP/1.1" 200 278
INFO 2025-08-01 12:30:59,265 basehttp 9648 13224 "GET /media/tournament_images/Ekran_g%C3%B6r%C3%BCnt%C3%BCs%C3%BC_2025-07-19_175306_XJrbnIy.png HTTP/1.1" 304 0
INFO 2025-08-01 12:30:59,282 basehttp 9648 26340 "GET /api/tournaments/current-match/ HTTP/1.1" 200 653
INFO 2025-08-01 12:31:34,175 basehttp 9648 26340 "GET /api/tournaments/public/ HTTP/1.1" 200 22925
INFO 2025-08-01 12:31:34,214 basehttp 9648 17580 "GET /api/ml/categories/ HTTP/1.1" 200 379
INFO 2025-08-01 12:31:34,261 basehttp 9648 17696 "GET /api/tournaments/public/ HTTP/1.1" 200 22925
INFO 2025-08-01 12:31:34,278 basehttp 9648 17580 "GET /api/ml/categories/ HTTP/1.1" 200 379
INFO 2025-08-01 12:31:38,795 basehttp 9648 17580 "OPTIONS /api/tournaments/create-from-public/132/ HTTP/1.1" 200 0
INFO 2025-08-01 12:31:38,923 basehttp 9648 17580 "POST /api/tournaments/create-from-public/132/ HTTP/1.1" 201 3080
INFO 2025-08-01 12:31:39,059 basehttp 9648 17580 "GET /api/tournaments/detail/ HTTP/1.1" 200 3080
INFO 2025-08-01 12:31:39,158 basehttp 9648 17580 "GET /api/tournaments/detail/ HTTP/1.1" 200 3080
INFO 2025-08-01 12:31:39,175 basehttp 9648 17696 "GET /api/tournaments/current-match/ HTTP/1.1" 200 689
INFO 2025-08-01 12:31:39,224 basehttp 9648 26340 "POST /api/ml/predict-matches/ HTTP/1.1" 200 284
INFO 2025-08-01 12:31:39,303 basehttp 9648 13224 "GET /media/tournament_images/yuksekogretim-kurulu-transkript-belgesi-sorgulama-4.png HTTP/1.1" 304 0
INFO 2025-08-01 12:31:39,324 basehttp 9648 17580 "POST /api/ml/predict-matches/ HTTP/1.1" 200 271
INFO 2025-08-01 12:31:39,348 basehttp 9648 17696 "GET /api/tournaments/current-match/ HTTP/1.1" 200 689
INFO 2025-08-01 12:31:43,252 basehttp 9648 17696 "OPTIONS /api/tournaments/submit-result/54022/ HTTP/1.1" 200 0
INFO 2025-08-01 12:31:43,357 basehttp 9648 17696 "POST /api/tournaments/submit-result/54022/ HTTP/1.1" 200 3390
INFO 2025-08-01 12:31:43,432 basehttp 9648 17696 "GET /api/tournaments/current-match/ HTTP/1.1" 200 697
INFO 2025-08-01 12:31:43,449 basehttp 9648 17580 "POST /api/ml/predict-matches/ HTTP/1.1" 200 271
INFO 2025-08-01 12:31:43,492 basehttp 9648 13224 "GET /media/tournament_images/yuksekogretim-kurulu-transkript-belgesi-sorgulama-2_dTwDxih.png HTTP/1.1" 304 0
INFO 2025-08-01 12:31:43,496 basehttp 9648 30988 "GET /media/tournament_images/yuksekogretim-kurulu-transkript-belgesi-sorgulama-3.png HTTP/1.1" 304 0
INFO 2025-08-01 12:31:44,145 basehttp 9648 17580 "OPTIONS /api/tournaments/submit-result/54023/ HTTP/1.1" 200 0
INFO 2025-08-01 12:31:44,263 basehttp 9648 17580 "POST /api/tournaments/submit-result/54023/ HTTP/1.1" 200 5212
INFO 2025-08-01 12:31:44,349 basehttp 9648 17580 "GET /api/tournaments/current-match/ HTTP/1.1" 200 699
INFO 2025-08-01 12:31:44,350 basehttp 9648 17696 "POST /api/ml/predict-matches/ HTTP/1.1" 200 271
INFO 2025-08-01 12:31:44,951 basehttp 9648 17696 "OPTIONS /api/tournaments/submit-result/54024/ HTTP/1.1" 200 0
INFO 2025-08-01 12:31:45,043 basehttp 9648 17696 "POST /api/tournaments/submit-result/54024/ HTTP/1.1" 200 5525
INFO 2025-08-01 12:31:45,113 basehttp 9648 17696 "GET /api/tournaments/current-match/ HTTP/1.1" 200 689
INFO 2025-08-01 12:31:45,113 basehttp 9648 17580 "POST /api/ml/predict-matches/ HTTP/1.1" 200 271
INFO 2025-08-01 12:31:45,798 basehttp 9648 17580 "OPTIONS /api/tournaments/submit-result/54025/ HTTP/1.1" 200 0
INFO 2025-08-01 12:31:45,918 basehttp 9648 17580 "POST /api/tournaments/submit-result/54025/ HTTP/1.1" 200 6592
INFO 2025-08-01 12:31:45,990 basehttp 9648 17696 "POST /api/ml/predict-matches/ HTTP/1.1" 200 271
INFO 2025-08-01 12:31:46,003 basehttp 9648 17580 "GET /api/tournaments/current-match/ HTTP/1.1" 200 697
INFO 2025-08-01 12:31:46,714 basehttp 9648 17580 "OPTIONS /api/tournaments/submit-result/54026/ HTTP/1.1" 200 0
INFO 2025-08-01 12:31:46,888 basehttp 9648 17580 "POST /api/tournaments/submit-result/54026/ HTTP/1.1" 200 6912
INFO 2025-08-01 12:31:52,944 basehttp 9648 17580 "OPTIONS /api/tournaments/create/ HTTP/1.1" 200 0
INFO 2025-08-01 12:31:53,158 basehttp 9648 17580 "POST /api/tournaments/create/ HTTP/1.1" 201 48
INFO 2025-08-01 12:31:53,224 basehttp 9648 17580 "GET /api/ml/categories/ HTTP/1.1" 200 379
INFO 2025-08-01 12:31:53,266 basehttp 9648 17580 "GET /api/ml/categories/ HTTP/1.1" 200 379
